<?xml version="1.0" encoding="UTF-8" ?>
<testsuite tests="9" failures="0" name="gojek.compare.TestRESTComparator" time="1.094" errors="0" skipped="0">
  <properties>
[...]
</properties>
  <testcase classname="gojek.compare.TestRESTComparator" name="testCompareWithDifferentBody" time="1.01"/>
  <testcase classname="gojek.compare.TestRESTComparator" name="testCompareWithDifferentHeader" time="0.022"/>
  <testcase classname="gojek.compare.TestRESTComparator" name="testCompareWithDifferentStatusCode" time="0.023"/>
  <testcase classname="gojek.compare.TestRESTComparator" name="testCompareWithSameBody" time="0.019"/>
  <testcase classname="gojek.compare.TestRESTComparator" name="testCompareWithSameStatusCode" time="0.019"/>
  <testcase classname="gojek.compare.TestRESTComparator" name="testNullFiles" time="0"/>
  <testcase classname="gojek.compare.TestRESTComparator" name="testNullFiles" time="0.001"/>
  <testcase classname="gojek.compare.TestRESTComparator" name="testNullFiles" time="0"/>
  <testcase classname="gojek.compare.TestRESTComparator" name="testNullFiles" time="0"/>
</testsuite>