<?xml version="1.0" encoding="UTF-8"?>
<!-- Generated by org.testng.reporters.JUnitReportReporter -->
<testsuite hostname="C02XT4FBJGH5" name="gojek.compare.TestRESTComparator" tests="9" failures="0" timestamp="27 Apr 2019 18:37:34 GMT" time="0.985" errors="0">
  <testcase name="testCompareWithDifferentBody" time="0.898" classname="gojek.compare.TestRESTComparator"/>
  <testcase name="testCompareWithSameBody" time="0.022" classname="gojek.compare.TestRESTComparator"/>
  <testcase name="testNullFiles" time="0.000" classname="gojek.compare.TestRESTComparator"/>
  <testcase name="testNullFiles" time="0.000" classname="gojek.compare.TestRESTComparator"/>
  <testcase name="testNullFiles" time="0.000" classname="gojek.compare.TestRESTComparator"/>
  <testcase name="testNullFiles" time="0.000" classname="gojek.compare.TestRESTComparator"/>
  <testcase name="testCompareWithSameStatusCode" time="0.017" classname="gojek.compare.TestRESTComparator"/>
  <testcase name="testCompareWithDifferentHeader" time="0.023" classname="gojek.compare.TestRESTComparator"/>
  <testcase name="testCompareWithDifferentStatusCode" time="0.025" classname="gojek.compare.TestRESTComparator"/>
</testsuite> <!-- gojek.compare.TestRESTComparator -->
