<?xml version="1.0" encoding="UTF-8"?>
<!-- Generated by org.testng.reporters.JUnitXMLReporter -->
<testsuite hostname="C02XT4FBJGH5" name="Command line test" tests="9" failures="0" timestamp="28 Apr 2019 07:23:46 GMT" time="1.129" errors="0">
  <testcase name="testCompareWithDifferentBody" time="0.869" classname="gojek.compare.TestRESTComparator"/>
  <testcase name="testCompareWithDifferentHeader" time="0.023" classname="gojek.compare.TestRESTComparator"/>
  <testcase name="testCompareWithDifferentStatusCode" time="0.023" classname="gojek.compare.TestRESTComparator"/>
  <testcase name="testCompareWithSameBody" time="0.02" classname="gojek.compare.TestRESTComparator"/>
  <testcase name="testCompareWithSameStatusCode" time="0.015" classname="gojek.compare.TestRESTComparator"/>
  <testcase name="testNullFiles" time="0.0" classname="gojek.compare.TestRESTComparator"/>
  <testcase name="testNullFiles" time="0.0" classname="gojek.compare.TestRESTComparator"/>
  <testcase name="testNullFiles" time="0.0" classname="gojek.compare.TestRESTComparator"/>
  <testcase name="testNullFiles" time="0.001" classname="gojek.compare.TestRESTComparator"/>
</testsuite> <!-- Command line test -->
